build/app/intermediates/manifest_merge_blame_file/debug/manifest-merger-blame-debug-report.txt
1<?xml version="1.0" encoding="utf-8"?>
2<manifest xmlns:android="http://schemas.android.com/apk/res/android"
3    package="com.example.myapp"
4    android:versionCode="1"
5    android:versionName="1.0.0" >
6
7    <uses-sdk
8        android:minSdkVersion="19"
9        android:targetSdkVersion="33" />
10    <!--
11         The INTERNET permission is required for development. Specifically,
12         the Flutter tool needs it to communicate with the running application
13         to allow setting breakpoints, to provide hot reload, etc.
14    -->
15    <uses-permission android:name="android.permission.INTERNET" />
15-->src/debug/AndroidManifest.xml:6:5-66
15-->src/debug/AndroidManifest.xml:6:22-64
16    <uses-permission android:name="android.permission.WAKE_LOCK" />
16-->[:firebase_messaging] AndroidManifest.xml:10:5-68
16-->[:firebase_messaging] AndroidManifest.xml:10:22-65
17    <uses-permission android:name="android.permission.ACCESS_NETWORK_STATE" /> <!-- Permissions options for the `notification` group -->
17-->[:firebase_messaging] AndroidManifest.xml:11:5-79
17-->[:firebase_messaging] AndroidManifest.xml:11:22-76
18    <uses-permission android:name="android.permission.POST_NOTIFICATIONS" />
18-->[:firebase_messaging] AndroidManifest.xml:13:5-77
18-->[:firebase_messaging] AndroidManifest.xml:13:22-74
19
20    <queries>
20-->[:contacts_service] AndroidManifest.xml:9:5-22:15
21        <intent>
21-->[:contacts_service] AndroidManifest.xml:10:9-12:18
22            <action android:name="android.accounts.AccountAuthenticator" />
22-->[:contacts_service] AndroidManifest.xml:11:13-76
22-->[:contacts_service] AndroidManifest.xml:11:21-73
23        </intent>
24        <!-- Allows the app to load an icon corresponding to the custom MIME type. -->
25        <intent>
25-->[:contacts_service] AndroidManifest.xml:14:9-21:18
26            <action android:name="android.intent.action.VIEW" />
26-->[:contacts_service] AndroidManifest.xml:15:13-65
26-->[:contacts_service] AndroidManifest.xml:15:21-62
27
28            <data
28-->[:contacts_service] AndroidManifest.xml:17:13-20:44
29                android:host="com.android.contacts"
29-->[:contacts_service] AndroidManifest.xml:18:17-52
30                android:mimeType="vnd.android.cursor.item/*"
30-->[:contacts_service] AndroidManifest.xml:19:17-61
31                android:scheme="content" />
31-->[:contacts_service] AndroidManifest.xml:20:17-41
32        </intent>
33    </queries>
34
35    <uses-permission android:name="android.permission.ACCESS_COARSE_LOCATION" />
35-->[:location] AndroidManifest.xml:9:5-81
35-->[:location] AndroidManifest.xml:9:22-78
36    <uses-permission android:name="android.permission.ACCESS_FINE_LOCATION" /> <!-- Required by older versions of Google Play services to create IID tokens -->
36-->[:location] AndroidManifest.xml:10:5-79
36-->[:location] AndroidManifest.xml:10:22-76
37    <uses-permission android:name="com.google.android.c2dm.permission.RECEIVE" />
37-->[com.google.firebase:firebase-messaging:23.2.1] AndroidManifest.xml:26:5-82
37-->[com.google.firebase:firebase-messaging:23.2.1] AndroidManifest.xml:26:22-79
38
39    <permission
39-->[androidx.core:core:1.10.1] AndroidManifest.xml:22:5-24:47
40        android:name="com.example.myapp.DYNAMIC_RECEIVER_NOT_EXPORTED_PERMISSION"
40-->[androidx.core:core:1.10.1] AndroidManifest.xml:23:9-81
41        android:protectionLevel="signature" />
41-->[androidx.core:core:1.10.1] AndroidManifest.xml:24:9-44
42
43    <uses-permission android:name="com.example.myapp.DYNAMIC_RECEIVER_NOT_EXPORTED_PERMISSION" />
43-->[androidx.core:core:1.10.1] AndroidManifest.xml:26:5-97
43-->[androidx.core:core:1.10.1] AndroidManifest.xml:26:22-94
44
45    <application
46        android:name="android.app.Application"
47        android:appComponentFactory="androidx.core.app.CoreComponentFactory"
47-->[androidx.core:core:1.10.1] AndroidManifest.xml:28:18-86
48        android:debuggable="true"
49        android:icon="@mipmap/ic_launcher"
50        android:label="TapIn" >
51        <activity
52            android:name="com.example.myapp.MainActivity"
53            android:configChanges="orientation|keyboardHidden|keyboard|screenSize|smallestScreenSize|locale|layoutDirection|fontScale|screenLayout|density|uiMode"
54            android:exported="true"
55            android:hardwareAccelerated="true"
56            android:launchMode="singleTop"
57            android:theme="@style/LaunchTheme"
58            android:windowSoftInputMode="adjustResize" >
59
60            <!--
61                 Specifies an Android theme to apply to this Activity as soon as
62                 the Android process has started. This theme is visible to the user
63                 while the Flutter UI initializes. After that, this theme continues
64                 to determine the Window background behind the Flutter UI.
65            -->
66            <meta-data
67                android:name="io.flutter.embedding.android.NormalTheme"
68                android:resource="@style/NormalTheme" />
69
70            <intent-filter>
71                <action android:name="android.intent.action.MAIN" />
72
73                <category android:name="android.intent.category.LAUNCHER" />
74            </intent-filter>
75        </activity>
76        <!--
77             Don't delete the meta-data below.
78             This is used by the Flutter tool to generate GeneratedPluginRegistrant.java
79        -->
80        <meta-data
81            android:name="flutterEmbedding"
82            android:value="2" />
83
84        <service
84-->[:firebase_database] AndroidManifest.xml:10:9-14:19
85            android:name="com.google.firebase.components.ComponentDiscoveryService"
85-->[:firebase_database] AndroidManifest.xml:10:18-89
86            android:directBootAware="true"
86-->[com.google.firebase:firebase-common:20.3.3] AndroidManifest.xml:34:13-43
87            android:exported="false" >
87-->[com.google.firebase:firebase-auth:22.1.2] AndroidManifest.xml:68:13-37
88            <meta-data
88-->[:firebase_database] AndroidManifest.xml:11:13-13:85
89                android:name="com.google.firebase.components:io.flutter.plugins.firebase.database.FlutterFirebaseAppRegistrar"
89-->[:firebase_database] AndroidManifest.xml:12:17-127
90                android:value="com.google.firebase.components.ComponentRegistrar" />
90-->[:firebase_database] AndroidManifest.xml:13:17-82
91            <meta-data
91-->[:cloud_firestore] AndroidManifest.xml:11:13-13:85
92                android:name="com.google.firebase.components:io.flutter.plugins.firebase.firestore.FlutterFirebaseFirestoreRegistrar"
92-->[:cloud_firestore] AndroidManifest.xml:12:17-134
93                android:value="com.google.firebase.components.ComponentRegistrar" />
93-->[:cloud_firestore] AndroidManifest.xml:13:17-82
94            <meta-data
94-->[:firebase_auth] AndroidManifest.xml:11:13-13:85
95                android:name="com.google.firebase.components:io.flutter.plugins.firebase.auth.FlutterFirebaseAuthRegistrar"
95-->[:firebase_auth] AndroidManifest.xml:12:17-124
96                android:value="com.google.firebase.components.ComponentRegistrar" />
96-->[:firebase_auth] AndroidManifest.xml:13:17-82
97            <meta-data
97-->[:firebase_storage] AndroidManifest.xml:11:13-13:85
98                android:name="com.google.firebase.components:io.flutter.plugins.firebase.storage.FlutterFirebaseAppRegistrar"
98-->[:firebase_storage] AndroidManifest.xml:12:17-126
99                android:value="com.google.firebase.components.ComponentRegistrar" />
99-->[:firebase_storage] AndroidManifest.xml:13:17-82
100            <meta-data
100-->[:firebase_messaging] AndroidManifest.xml:38:13-40:85
101                android:name="com.google.firebase.components:io.flutter.plugins.firebase.messaging.FlutterFirebaseAppRegistrar"
101-->[:firebase_messaging] AndroidManifest.xml:39:17-128
102                android:value="com.google.firebase.components.ComponentRegistrar" />
102-->[:firebase_messaging] AndroidManifest.xml:40:17-82
103            <meta-data
103-->[:firebase_core] AndroidManifest.xml:11:13-13:85
104                android:name="com.google.firebase.components:io.flutter.plugins.firebase.core.FlutterFirebaseCoreRegistrar"
104-->[:firebase_core] AndroidManifest.xml:12:17-124
105                android:value="com.google.firebase.components.ComponentRegistrar" />
105-->[:firebase_core] AndroidManifest.xml:13:17-82
106            <meta-data
106-->[com.google.firebase:firebase-auth:22.1.2] AndroidManifest.xml:69:13-71:85
107                android:name="com.google.firebase.components:com.google.firebase.auth.FirebaseAuthRegistrar"
107-->[com.google.firebase:firebase-auth:22.1.2] AndroidManifest.xml:70:17-109
108                android:value="com.google.firebase.components.ComponentRegistrar" />
108-->[com.google.firebase:firebase-auth:22.1.2] AndroidManifest.xml:71:17-82
109            <meta-data
109-->[com.google.firebase:firebase-firestore:24.8.1] AndroidManifest.xml:17:13-19:85
110                android:name="com.google.firebase.components:com.google.firebase.firestore.FirestoreRegistrar"
110-->[com.google.firebase:firebase-firestore:24.8.1] AndroidManifest.xml:18:17-111
111                android:value="com.google.firebase.components.ComponentRegistrar" />
111-->[com.google.firebase:firebase-firestore:24.8.1] AndroidManifest.xml:19:17-82
112            <meta-data
112-->[com.google.firebase:firebase-messaging:23.2.1] AndroidManifest.xml:53:13-55:85
113                android:name="com.google.firebase.components:com.google.firebase.messaging.FirebaseMessagingRegistrar"
113-->[com.google.firebase:firebase-messaging:23.2.1] AndroidManifest.xml:54:17-119
114                android:value="com.google.firebase.components.ComponentRegistrar" />
114-->[com.google.firebase:firebase-messaging:23.2.1] AndroidManifest.xml:55:17-82
115            <meta-data
115-->[com.google.firebase:firebase-storage:20.2.1] AndroidManifest.xml:32:13-34:85
116                android:name="com.google.firebase.components:com.google.firebase.storage.StorageRegistrar"
116-->[com.google.firebase:firebase-storage:20.2.1] AndroidManifest.xml:33:17-107
117                android:value="com.google.firebase.components.ComponentRegistrar" />
117-->[com.google.firebase:firebase-storage:20.2.1] AndroidManifest.xml:34:17-82
118            <meta-data
118-->[com.google.firebase:firebase-database:20.2.2] AndroidManifest.xml:31:13-33:85
119                android:name="com.google.firebase.components:com.google.firebase.database.DatabaseRegistrar"
119-->[com.google.firebase:firebase-database:20.2.2] AndroidManifest.xml:32:17-109
120                android:value="com.google.firebase.components.ComponentRegistrar" />
120-->[com.google.firebase:firebase-database:20.2.2] AndroidManifest.xml:33:17-82
121            <meta-data
121-->[com.google.firebase:firebase-iid:21.1.0] AndroidManifest.xml:32:13-34:85
122                android:name="com.google.firebase.components:com.google.firebase.iid.Registrar"
122-->[com.google.firebase:firebase-iid:21.1.0] AndroidManifest.xml:33:17-96
123                android:value="com.google.firebase.components.ComponentRegistrar" />
123-->[com.google.firebase:firebase-iid:21.1.0] AndroidManifest.xml:34:17-82
124            <meta-data
124-->[com.google.firebase:firebase-installations:17.1.4] AndroidManifest.xml:15:13-17:85
125                android:name="com.google.firebase.components:com.google.firebase.installations.FirebaseInstallationsRegistrar"
125-->[com.google.firebase:firebase-installations:17.1.4] AndroidManifest.xml:16:17-127
126                android:value="com.google.firebase.components.ComponentRegistrar" />
126-->[com.google.firebase:firebase-installations:17.1.4] AndroidManifest.xml:17:17-82
127            <meta-data
127-->[com.google.firebase:firebase-datatransport:18.1.7] AndroidManifest.xml:27:13-29:85
128                android:name="com.google.firebase.components:com.google.firebase.datatransport.TransportRegistrar"
128-->[com.google.firebase:firebase-datatransport:18.1.7] AndroidManifest.xml:28:17-115
129                android:value="com.google.firebase.components.ComponentRegistrar" />
129-->[com.google.firebase:firebase-datatransport:18.1.7] AndroidManifest.xml:29:17-82
130        </service>
131        <service
131-->[:firebase_messaging] AndroidManifest.xml:16:9-19:72
132            android:name="io.flutter.plugins.firebase.messaging.FlutterFirebaseMessagingBackgroundService"
132-->[:firebase_messaging] AndroidManifest.xml:17:13-107
133            android:exported="false"
133-->[:firebase_messaging] AndroidManifest.xml:18:13-37
134            android:permission="android.permission.BIND_JOB_SERVICE" />
134-->[:firebase_messaging] AndroidManifest.xml:19:13-69
135        <service
135-->[:firebase_messaging] AndroidManifest.xml:20:9-26:19
136            android:name="io.flutter.plugins.firebase.messaging.FlutterFirebaseMessagingService"
136-->[:firebase_messaging] AndroidManifest.xml:21:13-97
137            android:exported="false" >
137-->[:firebase_messaging] AndroidManifest.xml:22:13-37
138            <intent-filter>
138-->[:firebase_messaging] AndroidManifest.xml:23:13-25:29
139                <action android:name="com.google.firebase.MESSAGING_EVENT" />
139-->[:firebase_messaging] AndroidManifest.xml:24:17-78
139-->[:firebase_messaging] AndroidManifest.xml:24:25-75
140            </intent-filter>
141        </service>
142
143        <receiver
143-->[:firebase_messaging] AndroidManifest.xml:28:9-35:20
144            android:name="io.flutter.plugins.firebase.messaging.FlutterFirebaseMessagingReceiver"
144-->[:firebase_messaging] AndroidManifest.xml:29:13-98
145            android:exported="true"
145-->[:firebase_messaging] AndroidManifest.xml:30:13-36
146            android:permission="com.google.android.c2dm.permission.SEND" >
146-->[:firebase_messaging] AndroidManifest.xml:31:13-73
147            <intent-filter>
147-->[:firebase_messaging] AndroidManifest.xml:32:13-34:29
148                <action android:name="com.google.android.c2dm.intent.RECEIVE" />
148-->[:firebase_messaging] AndroidManifest.xml:33:17-81
148-->[:firebase_messaging] AndroidManifest.xml:33:25-78
149            </intent-filter>
150        </receiver>
151
152        <provider
152-->[:firebase_messaging] AndroidManifest.xml:43:9-47:38
153            android:name="io.flutter.plugins.firebase.messaging.FlutterFirebaseMessagingInitProvider"
153-->[:firebase_messaging] AndroidManifest.xml:44:13-102
154            android:authorities="com.example.myapp.flutterfirebasemessaginginitprovider"
154-->[:firebase_messaging] AndroidManifest.xml:45:13-88
155            android:exported="false"
155-->[:firebase_messaging] AndroidManifest.xml:46:13-37
156            android:initOrder="99" />
156-->[:firebase_messaging] AndroidManifest.xml:47:13-35
157
158        <service
158-->[:geolocator_android] AndroidManifest.xml:10:9-14:56
159            android:name="com.baseflow.geolocator.GeolocatorLocationService"
159-->[:geolocator_android] AndroidManifest.xml:11:13-77
160            android:enabled="true"
160-->[:geolocator_android] AndroidManifest.xml:12:13-35
161            android:exported="false"
161-->[:geolocator_android] AndroidManifest.xml:13:13-37
162            android:foregroundServiceType="location" />
162-->[:geolocator_android] AndroidManifest.xml:14:13-53
163
164        <provider
164-->[:image_picker_android] AndroidManifest.xml:10:9-18:20
165            android:name="io.flutter.plugins.imagepicker.ImagePickerFileProvider"
165-->[:image_picker_android] AndroidManifest.xml:11:13-82
166            android:authorities="com.example.myapp.flutter.image_provider"
166-->[:image_picker_android] AndroidManifest.xml:12:13-74
167            android:exported="false"
167-->[:image_picker_android] AndroidManifest.xml:13:13-37
168            android:grantUriPermissions="true" >
168-->[:image_picker_android] AndroidManifest.xml:14:13-47
169            <meta-data
169-->[:image_picker_android] AndroidManifest.xml:15:13-17:75
170                android:name="android.support.FILE_PROVIDER_PATHS"
170-->[:image_picker_android] AndroidManifest.xml:16:17-67
171                android:resource="@xml/flutter_image_picker_file_paths" />
171-->[:image_picker_android] AndroidManifest.xml:17:17-72
172        </provider>
173
174        <activity
174-->[:url_launcher_android] AndroidManifest.xml:10:9-13:74
175            android:name="io.flutter.plugins.urllauncher.WebViewActivity"
175-->[:url_launcher_android] AndroidManifest.xml:11:13-74
176            android:exported="false"
176-->[:url_launcher_android] AndroidManifest.xml:12:13-37
177            android:theme="@android:style/Theme.NoTitleBar.Fullscreen" />
177-->[:url_launcher_android] AndroidManifest.xml:13:13-71
178
179        <service
179-->[:location] AndroidManifest.xml:13:9-17:56
180            android:name="com.lyokone.location.FlutterLocationService"
180-->[:location] AndroidManifest.xml:14:13-71
181            android:enabled="true"
181-->[:location] AndroidManifest.xml:15:13-35
182            android:exported="false"
182-->[:location] AndroidManifest.xml:16:13-37
183            android:foregroundServiceType="location" />
183-->[:location] AndroidManifest.xml:17:13-53
184
185        <activity
185-->[com.google.firebase:firebase-auth:22.1.2] AndroidManifest.xml:29:9-46:20
186            android:name="com.google.firebase.auth.internal.GenericIdpActivity"
186-->[com.google.firebase:firebase-auth:22.1.2] AndroidManifest.xml:30:13-80
187            android:excludeFromRecents="true"
187-->[com.google.firebase:firebase-auth:22.1.2] AndroidManifest.xml:31:13-46
188            android:exported="true"
188-->[com.google.firebase:firebase-auth:22.1.2] AndroidManifest.xml:32:13-36
189            android:launchMode="singleTask"
189-->[com.google.firebase:firebase-auth:22.1.2] AndroidManifest.xml:33:13-44
190            android:theme="@android:style/Theme.Translucent.NoTitleBar" >
190-->[com.google.firebase:firebase-auth:22.1.2] AndroidManifest.xml:34:13-72
191            <intent-filter>
191-->[com.google.firebase:firebase-auth:22.1.2] AndroidManifest.xml:35:13-45:29
192                <action android:name="android.intent.action.VIEW" />
192-->[:contacts_service] AndroidManifest.xml:15:13-65
192-->[:contacts_service] AndroidManifest.xml:15:21-62
193
194                <category android:name="android.intent.category.DEFAULT" />
194-->[com.google.firebase:firebase-auth:22.1.2] AndroidManifest.xml:38:17-76
194-->[com.google.firebase:firebase-auth:22.1.2] AndroidManifest.xml:38:27-73
195                <category android:name="android.intent.category.BROWSABLE" />
195-->[com.google.firebase:firebase-auth:22.1.2] AndroidManifest.xml:39:17-78
195-->[com.google.firebase:firebase-auth:22.1.2] AndroidManifest.xml:39:27-75
196
197                <data
197-->[:contacts_service] AndroidManifest.xml:17:13-20:44
198                    android:host="firebase.auth"
198-->[:contacts_service] AndroidManifest.xml:18:17-52
199                    android:path="/"
200                    android:scheme="genericidp" />
200-->[:contacts_service] AndroidManifest.xml:20:17-41
201            </intent-filter>
202        </activity>
203        <activity
203-->[com.google.firebase:firebase-auth:22.1.2] AndroidManifest.xml:47:9-64:20
204            android:name="com.google.firebase.auth.internal.RecaptchaActivity"
204-->[com.google.firebase:firebase-auth:22.1.2] AndroidManifest.xml:48:13-79
205            android:excludeFromRecents="true"
205-->[com.google.firebase:firebase-auth:22.1.2] AndroidManifest.xml:49:13-46
206            android:exported="true"
206-->[com.google.firebase:firebase-auth:22.1.2] AndroidManifest.xml:50:13-36
207            android:launchMode="singleTask"
207-->[com.google.firebase:firebase-auth:22.1.2] AndroidManifest.xml:51:13-44
208            android:theme="@android:style/Theme.Translucent.NoTitleBar" >
208-->[com.google.firebase:firebase-auth:22.1.2] AndroidManifest.xml:52:13-72
209            <intent-filter>
209-->[com.google.firebase:firebase-auth:22.1.2] AndroidManifest.xml:53:13-63:29
210                <action android:name="android.intent.action.VIEW" />
210-->[:contacts_service] AndroidManifest.xml:15:13-65
210-->[:contacts_service] AndroidManifest.xml:15:21-62
211
212                <category android:name="android.intent.category.DEFAULT" />
212-->[com.google.firebase:firebase-auth:22.1.2] AndroidManifest.xml:38:17-76
212-->[com.google.firebase:firebase-auth:22.1.2] AndroidManifest.xml:38:27-73
213                <category android:name="android.intent.category.BROWSABLE" />
213-->[com.google.firebase:firebase-auth:22.1.2] AndroidManifest.xml:39:17-78
213-->[com.google.firebase:firebase-auth:22.1.2] AndroidManifest.xml:39:27-75
214
215                <data
215-->[:contacts_service] AndroidManifest.xml:17:13-20:44
216                    android:host="firebase.auth"
216-->[:contacts_service] AndroidManifest.xml:18:17-52
217                    android:path="/"
218                    android:scheme="recaptcha" />
218-->[:contacts_service] AndroidManifest.xml:20:17-41
219            </intent-filter>
220        </activity>
221
222        <receiver
222-->[com.google.firebase:firebase-messaging:23.2.1] AndroidManifest.xml:29:9-36:20
223            android:name="com.google.firebase.iid.FirebaseInstanceIdReceiver"
223-->[com.google.firebase:firebase-messaging:23.2.1] AndroidManifest.xml:30:13-78
224            android:exported="true"
224-->[com.google.firebase:firebase-messaging:23.2.1] AndroidManifest.xml:31:13-36
225            android:permission="com.google.android.c2dm.permission.SEND" >
225-->[com.google.firebase:firebase-messaging:23.2.1] AndroidManifest.xml:32:13-73
226            <intent-filter>
226-->[:firebase_messaging] AndroidManifest.xml:32:13-34:29
227                <action android:name="com.google.android.c2dm.intent.RECEIVE" />
227-->[:firebase_messaging] AndroidManifest.xml:33:17-81
227-->[:firebase_messaging] AndroidManifest.xml:33:25-78
228            </intent-filter>
229        </receiver>
230        <!--
231             FirebaseMessagingService performs security checks at runtime,
232             but set to not exported to explicitly avoid allowing another app to call it.
233        -->
234        <service
234-->[com.google.firebase:firebase-messaging:23.2.1] AndroidManifest.xml:42:9-49:19
235            android:name="com.google.firebase.messaging.FirebaseMessagingService"
235-->[com.google.firebase:firebase-messaging:23.2.1] AndroidManifest.xml:43:13-82
236            android:directBootAware="true"
236-->[com.google.firebase:firebase-messaging:23.2.1] AndroidManifest.xml:44:13-43
237            android:exported="false" >
237-->[com.google.firebase:firebase-messaging:23.2.1] AndroidManifest.xml:45:13-37
238            <intent-filter android:priority="-500" >
238-->[:firebase_messaging] AndroidManifest.xml:23:13-25:29
239                <action android:name="com.google.firebase.MESSAGING_EVENT" />
239-->[:firebase_messaging] AndroidManifest.xml:24:17-78
239-->[:firebase_messaging] AndroidManifest.xml:24:25-75
240            </intent-filter>
241        </service>
242
243        <activity
243-->[com.google.android.gms:play-services-base:18.1.0] AndroidManifest.xml:20:9-22:45
244            android:name="com.google.android.gms.common.api.GoogleApiActivity"
244-->[com.google.android.gms:play-services-base:18.1.0] AndroidManifest.xml:20:19-85
245            android:exported="false"
245-->[com.google.android.gms:play-services-base:18.1.0] AndroidManifest.xml:22:19-43
246            android:theme="@android:style/Theme.Translucent.NoTitleBar" />
246-->[com.google.android.gms:play-services-base:18.1.0] AndroidManifest.xml:21:19-78
247
248        <provider
248-->[com.google.firebase:firebase-common:20.3.3] AndroidManifest.xml:25:9-30:39
249            android:name="com.google.firebase.provider.FirebaseInitProvider"
249-->[com.google.firebase:firebase-common:20.3.3] AndroidManifest.xml:26:13-77
250            android:authorities="com.example.myapp.firebaseinitprovider"
250-->[com.google.firebase:firebase-common:20.3.3] AndroidManifest.xml:27:13-72
251            android:directBootAware="true"
251-->[com.google.firebase:firebase-common:20.3.3] AndroidManifest.xml:28:13-43
252            android:exported="false"
252-->[com.google.firebase:firebase-common:20.3.3] AndroidManifest.xml:29:13-37
253            android:initOrder="100" />
253-->[com.google.firebase:firebase-common:20.3.3] AndroidManifest.xml:30:13-36
254
255        <meta-data
255-->[com.google.android.gms:play-services-basement:18.1.0] AndroidManifest.xml:21:9-23:69
256            android:name="com.google.android.gms.version"
256-->[com.google.android.gms:play-services-basement:18.1.0] AndroidManifest.xml:22:13-58
257            android:value="@integer/google_play_services_version" />
257-->[com.google.android.gms:play-services-basement:18.1.0] AndroidManifest.xml:23:13-66
258
259        <uses-library
259-->[androidx.window:window:1.0.0-beta04] AndroidManifest.xml:25:9-27:40
260            android:name="androidx.window.extensions"
260-->[androidx.window:window:1.0.0-beta04] AndroidManifest.xml:26:13-54
261            android:required="false" />
261-->[androidx.window:window:1.0.0-beta04] AndroidManifest.xml:27:13-37
262        <uses-library
262-->[androidx.window:window:1.0.0-beta04] AndroidManifest.xml:28:9-30:40
263            android:name="androidx.window.sidecar"
263-->[androidx.window:window:1.0.0-beta04] AndroidManifest.xml:29:13-51
264            android:required="false" />
264-->[androidx.window:window:1.0.0-beta04] AndroidManifest.xml:30:13-37
265
266        <provider
266-->[androidx.profileinstaller:profileinstaller:1.3.0] AndroidManifest.xml:24:9-32:20
267            android:name="androidx.startup.InitializationProvider"
267-->[androidx.profileinstaller:profileinstaller:1.3.0] AndroidManifest.xml:25:13-67
268            android:authorities="com.example.myapp.androidx-startup"
268-->[androidx.profileinstaller:profileinstaller:1.3.0] AndroidManifest.xml:26:13-68
269            android:exported="false" >
269-->[androidx.profileinstaller:profileinstaller:1.3.0] AndroidManifest.xml:27:13-37
270            <meta-data
270-->[androidx.profileinstaller:profileinstaller:1.3.0] AndroidManifest.xml:29:13-31:52
271                android:name="androidx.profileinstaller.ProfileInstallerInitializer"
271-->[androidx.profileinstaller:profileinstaller:1.3.0] AndroidManifest.xml:30:17-85
272                android:value="androidx.startup" />
272-->[androidx.profileinstaller:profileinstaller:1.3.0] AndroidManifest.xml:31:17-49
273        </provider>
274
275        <receiver
275-->[androidx.profileinstaller:profileinstaller:1.3.0] AndroidManifest.xml:34:9-52:20
276            android:name="androidx.profileinstaller.ProfileInstallReceiver"
276-->[androidx.profileinstaller:profileinstaller:1.3.0] AndroidManifest.xml:35:13-76
277            android:directBootAware="false"
277-->[androidx.profileinstaller:profileinstaller:1.3.0] AndroidManifest.xml:36:13-44
278            android:enabled="true"
278-->[androidx.profileinstaller:profileinstaller:1.3.0] AndroidManifest.xml:37:13-35
279            android:exported="true"
279-->[androidx.profileinstaller:profileinstaller:1.3.0] AndroidManifest.xml:38:13-36
280            android:permission="android.permission.DUMP" >
280-->[androidx.profileinstaller:profileinstaller:1.3.0] AndroidManifest.xml:39:13-57
281            <intent-filter>
281-->[androidx.profileinstaller:profileinstaller:1.3.0] AndroidManifest.xml:40:13-42:29
282                <action android:name="androidx.profileinstaller.action.INSTALL_PROFILE" />
282-->[androidx.profileinstaller:profileinstaller:1.3.0] AndroidManifest.xml:41:17-91
282-->[androidx.profileinstaller:profileinstaller:1.3.0] AndroidManifest.xml:41:25-88
283            </intent-filter>
284            <intent-filter>
284-->[androidx.profileinstaller:profileinstaller:1.3.0] AndroidManifest.xml:43:13-45:29
285                <action android:name="androidx.profileinstaller.action.SKIP_FILE" />
285-->[androidx.profileinstaller:profileinstaller:1.3.0] AndroidManifest.xml:44:17-85
285-->[androidx.profileinstaller:profileinstaller:1.3.0] AndroidManifest.xml:44:25-82
286            </intent-filter>
287            <intent-filter>
287-->[androidx.profileinstaller:profileinstaller:1.3.0] AndroidManifest.xml:46:13-48:29
288                <action android:name="androidx.profileinstaller.action.SAVE_PROFILE" />
288-->[androidx.profileinstaller:profileinstaller:1.3.0] AndroidManifest.xml:47:17-88
288-->[androidx.profileinstaller:profileinstaller:1.3.0] AndroidManifest.xml:47:25-85
289            </intent-filter>
290            <intent-filter>
290-->[androidx.profileinstaller:profileinstaller:1.3.0] AndroidManifest.xml:49:13-51:29
291                <action android:name="androidx.profileinstaller.action.BENCHMARK_OPERATION" />
291-->[androidx.profileinstaller:profileinstaller:1.3.0] AndroidManifest.xml:50:17-95
291-->[androidx.profileinstaller:profileinstaller:1.3.0] AndroidManifest.xml:50:25-92
292            </intent-filter>
293        </receiver>
294
295        <service
295-->[com.google.android.datatransport:transport-backend-cct:3.1.8] AndroidManifest.xml:28:9-34:19
296            android:name="com.google.android.datatransport.runtime.backends.TransportBackendDiscovery"
296-->[com.google.android.datatransport:transport-backend-cct:3.1.8] AndroidManifest.xml:29:13-103
297            android:exported="false" >
297-->[com.google.android.datatransport:transport-backend-cct:3.1.8] AndroidManifest.xml:30:13-37
298            <meta-data
298-->[com.google.android.datatransport:transport-backend-cct:3.1.8] AndroidManifest.xml:31:13-33:39
299                android:name="backend:com.google.android.datatransport.cct.CctBackendFactory"
299-->[com.google.android.datatransport:transport-backend-cct:3.1.8] AndroidManifest.xml:32:17-94